<?xml version="1.0" encoding="UTF-8"?>
<!-- Generated by org.testng.reporters.JUnitReportReporter -->
<testsuite skipped="0" hostname="GISBIZ-LTP-85" name="reportsTestday6.CreateLead" tests="3" failures="0" timestamp="12 Aug 2018 07:33:38 GMT" time="73.092" errors="0">
  <testcase name="createLead" time="22.547" classname="reportsTestday6.CreateLead"/>
  <testcase name="createLead" time="26.316" classname="reportsTestday6.CreateLead"/>
  <testcase name="createLead" time="24.229" classname="reportsTestday6.CreateLead"/>
</testsuite> <!-- reportsTestday6.CreateLead -->
